# JRE version: OpenJDK Runtime Environment Temurin-17.0.10+7 (17.0.10+7) (build 17.0.10+7)
# Java VM: OpenJDK 64-Bit Server VM Temurin-17.0.10+7 (17.0.10+7, mixed mode, tiered, compressed oops, compressed class ptrs, parallel gc, windows-amd64)
GC Precious Log:
 CPUs: 8 total, 8 available
 Memory: 10153M
 Large Page Support: Disabled
 NUMA Support: Disabled
 Compressed Oops: Enabled (32-bit)
 Alignments: Space 512K, Generation 512K, Heap 2M
 Heap Min Capacity: 100M
 Heap Initial Capacity: 100M
 Heap Max Capacity: 1G
 Pre-touch: Disabled
 Parallel Workers: 8
Heap:
 PSYoungGen      total 6144K, used 1008K [0x00000000eab00000, 0x00000000ebe00000, 0x0000000100000000)
  eden space 5120K, 0% used [0x00000000eab00000,0x00000000eab00000,0x00000000eb000000)
  from space 1024K, 98% used [0x00000000eb200000,0x00000000eb2fc160,0x00000000eb300000)
  to   space 7168K, 0% used [0x00000000eb700000,0x00000000eb700000,0x00000000ebe00000)
 ParOldGen       total 193536K, used 191214K [0x00000000c0000000, 0x00000000cbd00000, 0x00000000eab00000)
  object space 193536K, 98% used [0x00000000c0000000,0x00000000cbabb900,0x00000000cbd00000)
 Metaspace       used 90421K, committed 91904K, reserved 1179648K
  class space    used 9164K, committed 9792K, reserved 1048576K
GC Heap History (20 events):
Event: 644.966 GC heap after
{Heap after GC invocations=1913 (full 25):
 PSYoungGen      total 5632K, used 256K [0x00000000eab00000, 0x00000000eb380000, 0x0000000100000000)
  eden space 5120K, 0% used [0x00000000eab00000,0x00000000eab00000,0x00000000eb000000)
  from space 512K, 50% used [0x00000000eb300000,0x00000000eb340020,0x00000000eb380000)
  to   space 512K, 0% used [0x00000000eb280000,0x00000000eb280000,0x00000000eb300000)
 ParOldGen       total 193536K, used 172022K [0x00000000c0000000, 0x00000000cbd00000, 0x00000000eab00000)
  object space 193536K, 88% used [0x00000000c0000000,0x00000000ca7fd9a0,0x00000000cbd00000)
 Metaspace       used 90336K, committed 91840K, reserved 1179648K
  class space    used 9150K, committed 9792K, reserved 1048576K
}
Event: 644.978 GC heap before
{Heap before GC invocations=1914 (full 25):
 PSYoungGen      total 5632K, used 5376K [0x00000000eab00000, 0x00000000eb380000, 0x0000000100000000)
  eden space 5120K, 100% used [0x00000000eab00000,0x00000000eb000000,0x00000000eb000000)
  from space 512K, 50% used [0x00000000eb300000,0x00000000eb340020,0x00000000eb380000)
  to   space 512K, 0% used [0x00000000eb280000,0x00000000eb280000,0x00000000eb300000)
 ParOldGen       total 193536K, used 172022K [0x00000000c0000000, 0x00000000cbd00000, 0x00000000eab00000)
  object space 193536K, 88% used [0x00000000c0000000,0x00000000ca7fd9a0,0x00000000cbd00000)
 Metaspace       used 90402K, committed 91904K, reserved 1179648K
  class space    used 9164K, committed 9792K, reserved 1048576K
}
Event: 644.980 GC heap after
{Heap after GC invocations=1914 (full 25):
 PSYoungGen      total 5632K, used 490K [0x00000000eab00000, 0x00000000eb900000, 0x0000000100000000)
  eden space 5120K, 0% used [0x00000000eab00000,0x00000000eab00000,0x00000000eb000000)
  from space 512K, 95% used [0x00000000eb280000,0x00000000eb2faa60,0x00000000eb300000)
  to   space 4608K, 0% used [0x00000000eb480000,0x00000000eb480000,0x00000000eb900000)
 ParOldGen       total 193536K, used 175310K [0x00000000c0000000, 0x00000000cbd00000, 0x00000000eab00000)
  object space 193536K, 90% used [0x00000000c0000000,0x00000000cab33b20,0x00000000cbd00000)
 Metaspace       used 90402K, committed 91904K, reserved 1179648K
  class space    used 9164K, committed 9792K, reserved 1048576K
}
Event: 644.992 GC heap before
{Heap before GC invocations=1915 (full 25):
 PSYoungGen      total 5632K, used 5610K [0x00000000eab00000, 0x00000000eb900000, 0x0000000100000000)
  eden space 5120K, 100% used [0x00000000eab00000,0x00000000eb000000,0x00000000eb000000)
  from space 512K, 95% used [0x00000000eb280000,0x00000000eb2faa60,0x00000000eb300000)
  to   space 4608K, 0% used [0x00000000eb480000,0x00000000eb480000,0x00000000eb900000)
 ParOldGen       total 193536K, used 175310K [0x00000000c0000000, 0x00000000cbd00000, 0x00000000eab00000)
  object space 193536K, 90% used [0x00000000c0000000,0x00000000cab33b20,0x00000000cbd00000)
 Metaspace       used 90402K, committed 91904K, reserved 1179648K
  class space    used 9164K, committed 9792K, reserved 1048576K
}
Event: 644.995 GC heap after
{Heap after GC invocations=1915 (full 25):
 PSYoungGen      total 8192K, used 2810K [0x00000000eab00000, 0x00000000eb780000, 0x0000000100000000)
  eden space 5120K, 0% used [0x00000000eab00000,0x00000000eab00000,0x00000000eb000000)
  from space 3072K, 91% used [0x00000000eb480000,0x00000000eb73e900,0x00000000eb780000)
  to   space 3584K, 0% used [0x00000000eb080000,0x00000000eb080000,0x00000000eb400000)
 ParOldGen       total 193536K, used 175478K [0x00000000c0000000, 0x00000000cbd00000, 0x00000000eab00000)
  object space 193536K, 90% used [0x00000000c0000000,0x00000000cab5db20,0x00000000cbd00000)
 Metaspace       used 90402K, committed 91904K, reserved 1179648K
  class space    used 9164K, committed 9792K, reserved 1048576K
}
Event: 645.006 GC heap before
{Heap before GC invocations=1916 (full 25):
 PSYoungGen      total 8192K, used 7930K [0x00000000eab00000, 0x00000000eb780000, 0x0000000100000000)
  eden space 5120K, 100% used [0x00000000eab00000,0x00000000eb000000,0x00000000eb000000)
  from space 3072K, 91% used [0x00000000eb480000,0x00000000eb73e900,0x00000000eb780000)
  to   space 3584K, 0% used [0x00000000eb080000,0x00000000eb080000,0x00000000eb400000)
 ParOldGen       total 193536K, used 175478K [0x00000000c0000000, 0x00000000cbd00000, 0x00000000eab00000)
  object space 193536K, 90% used [0x00000000c0000000,0x00000000cab5db20,0x00000000cbd00000)
 Metaspace       used 90404K, committed 91904K, reserved 1179648K
  class space    used 9164K, committed 9792K, reserved 1048576K
}
Event: 645.009 GC heap after
{Heap after GC invocations=1916 (full 25):
 PSYoungGen      total 5632K, used 212K [0x00000000eab00000, 0x00000000eb500000, 0x0000000100000000)
  eden space 5120K, 0% used [0x00000000eab00000,0x00000000eab00000,0x00000000eb000000)
  from space 512K, 41% used [0x00000000eb080000,0x00000000eb0b5200,0x00000000eb100000)
  to   space 1536K, 0% used [0x00000000eb380000,0x00000000eb380000,0x00000000eb500000)
 ParOldGen       total 193536K, used 177819K [0x00000000c0000000, 0x00000000cbd00000, 0x00000000eab00000)
  object space 193536K, 91% used [0x00000000c0000000,0x00000000cada6d20,0x00000000cbd00000)
 Metaspace       used 90404K, committed 91904K, reserved 1179648K
  class space    used 9164K, committed 9792K, reserved 1048576K
}
Event: 645.018 GC heap before
{Heap before GC invocations=1917 (full 25):
 PSYoungGen      total 5632K, used 5332K [0x00000000eab00000, 0x00000000eb500000, 0x0000000100000000)
  eden space 5120K, 100% used [0x00000000eab00000,0x00000000eb000000,0x00000000eb000000)
  from space 512K, 41% used [0x00000000eb080000,0x00000000eb0b5200,0x00000000eb100000)
  to   space 1536K, 0% used [0x00000000eb380000,0x00000000eb380000,0x00000000eb500000)
 ParOldGen       total 193536K, used 177819K [0x00000000c0000000, 0x00000000cbd00000, 0x00000000eab00000)
  object space 193536K, 91% used [0x00000000c0000000,0x00000000cada6d20,0x00000000cbd00000)
 Metaspace       used 90404K, committed 91904K, reserved 1179648K
  class space    used 9164K, committed 9792K, reserved 1048576K
}
Event: 645.020 GC heap after
{Heap after GC invocations=1917 (full 25):
 PSYoungGen      total 6144K, used 794K [0x00000000eab00000, 0x00000000eb480000, 0x0000000100000000)
  eden space 5120K, 0% used [0x00000000eab00000,0x00000000eab00000,0x00000000eb000000)
  from space 1024K, 77% used [0x00000000eb380000,0x00000000eb446900,0x00000000eb480000)
  to   space 1024K, 0% used [0x00000000eb280000,0x00000000eb280000,0x00000000eb380000)
 ParOldGen       total 193536K, used 177919K [0x00000000c0000000, 0x00000000cbd00000, 0x00000000eab00000)
  object space 193536K, 91% used [0x00000000c0000000,0x00000000cadbff20,0x00000000cbd00000)
 Metaspace       used 90404K, committed 91904K, reserved 1179648K
  class space    used 9164K, committed 9792K, reserved 1048576K
}
Event: 645.029 GC heap before
{Heap before GC invocations=1918 (full 25):
 PSYoungGen      total 6144K, used 5914K [0x00000000eab00000, 0x00000000eb480000, 0x0000000100000000)
  eden space 5120K, 100% used [0x00000000eab00000,0x00000000eb000000,0x00000000eb000000)
  from space 1024K, 77% used [0x00000000eb380000,0x00000000eb446900,0x00000000eb480000)
  to   space 1024K, 0% used [0x00000000eb280000,0x00000000eb280000,0x00000000eb380000)
 ParOldGen       total 193536K, used 177919K [0x00000000c0000000, 0x00000000cbd00000, 0x00000000eab00000)
  object space 193536K, 91% used [0x00000000c0000000,0x00000000cadbff20,0x00000000cbd00000)
 Metaspace       used 90404K, committed 91904K, reserved 1179648K
  class space    used 9164K, committed 9792K, reserved 1048576K
}
Event: 645.033 GC heap after
{Heap after GC invocations=1918 (full 25):
 PSYoungGen      total 6144K, used 992K [0x00000000eab00000, 0x00000000ebd00000, 0x0000000100000000)
  eden space 5120K, 0% used [0x00000000eab00000,0x00000000eab00000,0x00000000eb000000)
  from space 1024K, 96% used [0x00000000eb280000,0x00000000eb3782c0,0x00000000eb380000)
  to   space 6656K, 0% used [0x00000000eb680000,0x00000000eb680000,0x00000000ebd00000)
 ParOldGen       total 193536K, used 182609K [0x00000000c0000000, 0x00000000cbd00000, 0x00000000eab00000)
  object space 193536K, 94% used [0x00000000c0000000,0x00000000cb2547d0,0x00000000cbd00000)
 Metaspace       used 90404K, committed 91904K, reserved 1179648K
  class space    used 9164K, committed 9792K, reserved 1048576K
}
Event: 645.044 GC heap before
{Heap before GC invocations=1919 (full 25):
 PSYoungGen      total 6144K, used 6112K [0x00000000eab00000, 0x00000000ebd00000, 0x0000000100000000)
  eden space 5120K, 100% used [0x00000000eab00000,0x00000000eb000000,0x00000000eb000000)
  from space 1024K, 96% used [0x00000000eb280000,0x00000000eb3782c0,0x00000000eb380000)
  to   space 6656K, 0% used [0x00000000eb680000,0x00000000eb680000,0x00000000ebd00000)
 ParOldGen       total 193536K, used 182609K [0x00000000c0000000, 0x00000000cbd00000, 0x00000000eab00000)
  object space 193536K, 94% used [0x00000000c0000000,0x00000000cb2547d0,0x00000000cbd00000)
 Metaspace       used 90404K, committed 91904K, reserved 1179648K
  class space    used 9164K, committed 9792K, reserved 1048576K
}
Event: 645.048 GC heap after
{Heap after GC invocations=1919 (full 25):
 PSYoungGen      total 7680K, used 2106K [0x00000000eab00000, 0x00000000eb900000, 0x0000000100000000)
  eden space 5120K, 0% used [0x00000000eab00000,0x00000000eab00000,0x00000000eb000000)
  from space 2560K, 82% used [0x00000000eb680000,0x00000000eb88e900,0x00000000eb900000)
  to   space 3584K, 0% used [0x00000000eb200000,0x00000000eb200000,0x00000000eb580000)
 ParOldGen       total 193536K, used 183618K [0x00000000c0000000, 0x00000000cbd00000, 0x00000000eab00000)
  object space 193536K, 94% used [0x00000000c0000000,0x00000000cb350a90,0x00000000cbd00000)
 Metaspace       used 90404K, committed 91904K, reserved 1179648K
  class space    used 9164K, committed 9792K, reserved 1048576K
}
Event: 645.061 GC heap before
{Heap before GC invocations=1920 (full 25):
 PSYoungGen      total 7680K, used 7226K [0x00000000eab00000, 0x00000000eb900000, 0x0000000100000000)
  eden space 5120K, 100% used [0x00000000eab00000,0x00000000eb000000,0x00000000eb000000)
  from space 2560K, 82% used [0x00000000eb680000,0x00000000eb88e900,0x00000000eb900000)
  to   space 3584K, 0% used [0x00000000eb200000,0x00000000eb200000,0x00000000eb580000)
 ParOldGen       total 193536K, used 183618K [0x00000000c0000000, 0x00000000cbd00000, 0x00000000eab00000)
  object space 193536K, 94% used [0x00000000c0000000,0x00000000cb350a90,0x00000000cbd00000)
 Metaspace       used 90405K, committed 91904K, reserved 1179648K
  class space    used 9164K, committed 9792K, reserved 1048576K
}
Event: 645.063 GC heap after
{Heap after GC invocations=1920 (full 25):
 PSYoungGen      total 6144K, used 884K [0x00000000eab00000, 0x00000000eb700000, 0x0000000100000000)
  eden space 5120K, 0% used [0x00000000eab00000,0x00000000eab00000,0x00000000eb000000)
  from space 1024K, 86% used [0x00000000eb200000,0x00000000eb2dd200,0x00000000eb300000)
  to   space 2048K, 0% used [0x00000000eb500000,0x00000000eb500000,0x00000000eb700000)
 ParOldGen       total 193536K, used 185567K [0x00000000c0000000, 0x00000000cbd00000, 0x00000000eab00000)
  object space 193536K, 95% used [0x00000000c0000000,0x00000000cb537cb0,0x00000000cbd00000)
 Metaspace       used 90405K, committed 91904K, reserved 1179648K
  class space    used 9164K, committed 9792K, reserved 1048576K
}
Event: 645.606 GC heap before
{Heap before GC invocations=1921 (full 25):
 PSYoungGen      total 6144K, used 5890K [0x00000000eab00000, 0x00000000eb700000, 0x0000000100000000)
  eden space 5120K, 97% used [0x00000000eab00000,0x00000000eafe3828,0x00000000eb000000)
  from space 1024K, 86% used [0x00000000eb200000,0x00000000eb2dd200,0x00000000eb300000)
  to   space 2048K, 0% used [0x00000000eb500000,0x00000000eb500000,0x00000000eb700000)
 ParOldGen       total 193536K, used 185567K [0x00000000c0000000, 0x00000000cbd00000, 0x00000000eab00000)
  object space 193536K, 95% used [0x00000000c0000000,0x00000000cb537cb0,0x00000000cbd00000)
 Metaspace       used 90421K, committed 91904K, reserved 1179648K
  class space    used 9164K, committed 9792K, reserved 1048576K
}
Event: 645.609 GC heap after
{Heap after GC invocations=1921 (full 25):
 PSYoungGen      total 6144K, used 874K [0x00000000eab00000, 0x00000000eb600000, 0x0000000100000000)
  eden space 5120K, 0% used [0x00000000eab00000,0x00000000eab00000,0x00000000eb000000)
  from space 1024K, 85% used [0x00000000eb500000,0x00000000eb5daa80,0x00000000eb600000)
  to   space 1024K, 0% used [0x00000000eb200000,0x00000000eb200000,0x00000000eb300000)
 ParOldGen       total 193536K, used 186307K [0x00000000c0000000, 0x00000000cbd00000, 0x00000000eab00000)
  object space 193536K, 96% used [0x00000000c0000000,0x00000000cb5f0ef0,0x00000000cbd00000)
 Metaspace       used 90421K, committed 91904K, reserved 1179648K
  class space    used 9164K, committed 9792K, reserved 1048576K
}
Event: 645.622 GC heap before
{Heap before GC invocations=1922 (full 25):
 PSYoungGen      total 6144K, used 5994K [0x00000000eab00000, 0x00000000eb600000, 0x0000000100000000)
  eden space 5120K, 100% used [0x00000000eab00000,0x00000000eb000000,0x00000000eb000000)
  from space 1024K, 85% used [0x00000000eb500000,0x00000000eb5daa80,0x00000000eb600000)
  to   space 1024K, 0% used [0x00000000eb200000,0x00000000eb200000,0x00000000eb300000)
 ParOldGen       total 193536K, used 186307K [0x00000000c0000000, 0x00000000cbd00000, 0x00000000eab00000)
  object space 193536K, 96% used [0x00000000c0000000,0x00000000cb5f0ef0,0x00000000cbd00000)
 Metaspace       used 90421K, committed 91904K, reserved 1179648K
  class space    used 9164K, committed 9792K, reserved 1048576K
}
Event: 645.626 GC heap after
{Heap after GC invocations=1922 (full 25):
 PSYoungGen      total 6144K, used 1008K [0x00000000eab00000, 0x00000000ebe00000, 0x0000000100000000)
  eden space 5120K, 0% used [0x00000000eab00000,0x00000000eab00000,0x00000000eb000000)
  from space 1024K, 98% used [0x00000000eb200000,0x00000000eb2fc160,0x00000000eb300000)
  to   space 7168K, 0% used [0x00000000eb700000,0x00000000eb700000,0x00000000ebe00000)
 ParOldGen       total 193536K, used 191214K [0x00000000c0000000, 0x00000000cbd00000, 0x00000000eab00000)
  object space 193536K, 98% used [0x00000000c0000000,0x00000000cbabb900,0x00000000cbd00000)
 Metaspace       used 90421K, committed 91904K, reserved 1179648K
  class space    used 9164K, committed 9792K, reserved 1048576K
}
Event: 645.626 GC heap before
{Heap before GC invocations=1923 (full 26):
 PSYoungGen      total 6144K, used 1008K [0x00000000eab00000, 0x00000000ebe00000, 0x0000000100000000)
  eden space 5120K, 0% used [0x00000000eab00000,0x00000000eab00000,0x00000000eb000000)
  from space 1024K, 98% used [0x00000000eb200000,0x00000000eb2fc160,0x00000000eb300000)
  to   space 7168K, 0% used [0x00000000eb700000,0x00000000eb700000,0x00000000ebe00000)
 ParOldGen       total 193536K, used 191214K [0x00000000c0000000, 0x00000000cbd00000, 0x00000000eab00000)
  object space 193536K, 98% used [0x00000000c0000000,0x00000000cbabb900,0x00000000cbd00000)
 Metaspace       used 90421K, committed 91904K, reserved 1179648K
  class space    used 9164K, committed 9792K, reserved 1048576K
}

