# JRE version: OpenJDK Runtime Environment Temurin-17.0.10+7 (17.0.10+7) (build 17.0.10+7)
# Java VM: OpenJDK 64-Bit Server VM Temurin-17.0.10+7 (17.0.10+7, mixed mode, tiered, compressed oops, compressed class ptrs, parallel gc, windows-amd64)
GC Precious Log:
 CPUs: 8 total, 8 available
 Memory: 10153M
 Large Page Support: Disabled
 NUMA Support: Disabled
 Compressed Oops: Enabled (32-bit)
 Alignments: Space 512K, Generation 512K, Heap 2M
 Heap Min Capacity: 100M
 Heap Initial Capacity: 100M
 Heap Max Capacity: 1G
 Pre-touch: Disabled
 Parallel Workers: 8
Heap:
 PSYoungGen      total 13312K, used 5606K [0x00000000eab00000, 0x00000000ebe00000, 0x0000000100000000)
  eden space 12800K, 40% used [0x00000000eab00000,0x00000000eb004490,0x00000000eb780000)
  from space 512K, 91% used [0x00000000ebd80000,0x00000000ebdf5590,0x00000000ebe00000)
  to   space 1024K, 0% used [0x00000000ebc00000,0x00000000ebc00000,0x00000000ebd00000)
 ParOldGen       total 130048K, used 106994K [0x00000000c0000000, 0x00000000c7f00000, 0x00000000eab00000)
  object space 130048K, 82% used [0x00000000c0000000,0x00000000c687c9b8,0x00000000c7f00000)
 Metaspace       used 76522K, committed 77952K, reserved 1179648K
  class space    used 8011K, committed 8640K, reserved 1048576K
GC Heap History (20 events):
Event: 12.433 GC heap before
{Heap before GC invocations=107 (full 5):
 PSYoungGen      total 15360K, used 15348K [0x00000000eab00000, 0x00000000ebd80000, 0x0000000100000000)
  eden space 12800K, 100% used [0x00000000eab00000,0x00000000eb780000,0x00000000eb780000)
  from space 2560K, 99% used [0x00000000eb800000,0x00000000eba7d280,0x00000000eba80000)
  to   space 3072K, 0% used [0x00000000eba80000,0x00000000eba80000,0x00000000ebd80000)
 ParOldGen       total 98304K, used 79580K [0x00000000c0000000, 0x00000000c6000000, 0x00000000eab00000)
  object space 98304K, 80% used [0x00000000c0000000,0x00000000c4db7340,0x00000000c6000000)
 Metaspace       used 75484K, committed 76992K, reserved 1179648K
  class space    used 7923K, committed 8576K, reserved 1048576K
}
Event: 12.435 GC heap after
{Heap after GC invocations=107 (full 5):
 PSYoungGen      total 15360K, used 2404K [0x00000000eab00000, 0x00000000ebd00000, 0x0000000100000000)
  eden space 12800K, 0% used [0x00000000eab00000,0x00000000eab00000,0x00000000eb780000)
  from space 2560K, 93% used [0x00000000eba80000,0x00000000ebcd92b0,0x00000000ebd00000)
  to   space 2560K, 0% used [0x00000000eb800000,0x00000000eb800000,0x00000000eba80000)
 ParOldGen       total 98304K, used 80433K [0x00000000c0000000, 0x00000000c6000000, 0x00000000eab00000)
  object space 98304K, 81% used [0x00000000c0000000,0x00000000c4e8c540,0x00000000c6000000)
 Metaspace       used 75484K, committed 76992K, reserved 1179648K
  class space    used 7923K, committed 8576K, reserved 1048576K
}
Event: 12.732 GC heap before
{Heap before GC invocations=108 (full 5):
 PSYoungGen      total 15360K, used 15204K [0x00000000eab00000, 0x00000000ebd00000, 0x0000000100000000)
  eden space 12800K, 99% used [0x00000000eab00000,0x00000000eb77fff0,0x00000000eb780000)
  from space 2560K, 93% used [0x00000000eba80000,0x00000000ebcd92b0,0x00000000ebd00000)
  to   space 2560K, 0% used [0x00000000eb800000,0x00000000eb800000,0x00000000eba80000)
 ParOldGen       total 98304K, used 80433K [0x00000000c0000000, 0x00000000c6000000, 0x00000000eab00000)
  object space 98304K, 81% used [0x00000000c0000000,0x00000000c4e8c540,0x00000000c6000000)
 Metaspace       used 76105K, committed 77504K, reserved 1179648K
  class space    used 7973K, committed 8576K, reserved 1048576K
}
Event: 12.739 GC heap after
{Heap after GC invocations=108 (full 5):
 PSYoungGen      total 15360K, used 2549K [0x00000000eab00000, 0x00000000ec780000, 0x0000000100000000)
  eden space 12800K, 0% used [0x00000000eab00000,0x00000000eab00000,0x00000000eb780000)
  from space 2560K, 99% used [0x00000000eb800000,0x00000000eba7d560,0x00000000eba80000)
  to   space 8192K, 0% used [0x00000000ebf80000,0x00000000ebf80000,0x00000000ec780000)
 ParOldGen       total 98304K, used 85131K [0x00000000c0000000, 0x00000000c6000000, 0x00000000eab00000)
  object space 98304K, 86% used [0x00000000c0000000,0x00000000c5322df0,0x00000000c6000000)
 Metaspace       used 76105K, committed 77504K, reserved 1179648K
  class space    used 7973K, committed 8576K, reserved 1048576K
}
Event: 12.935 GC heap before
{Heap before GC invocations=109 (full 5):
 PSYoungGen      total 15360K, used 15311K [0x00000000eab00000, 0x00000000ec780000, 0x0000000100000000)
  eden space 12800K, 99% used [0x00000000eab00000,0x00000000eb776a78,0x00000000eb780000)
  from space 2560K, 99% used [0x00000000eb800000,0x00000000eba7d560,0x00000000eba80000)
  to   space 8192K, 0% used [0x00000000ebf80000,0x00000000ebf80000,0x00000000ec780000)
 ParOldGen       total 98304K, used 85131K [0x00000000c0000000, 0x00000000c6000000, 0x00000000eab00000)
  object space 98304K, 86% used [0x00000000c0000000,0x00000000c5322df0,0x00000000c6000000)
 Metaspace       used 76134K, committed 77568K, reserved 1179648K
  class space    used 7978K, committed 8576K, reserved 1048576K
}
Event: 12.939 GC heap after
{Heap after GC invocations=109 (full 5):
 PSYoungGen      total 16896K, used 3813K [0x00000000eab00000, 0x00000000ec380000, 0x0000000100000000)
  eden space 12800K, 0% used [0x00000000eab00000,0x00000000eab00000,0x00000000eb780000)
  from space 4096K, 93% used [0x00000000ebf80000,0x00000000ec339510,0x00000000ec380000)
  to   space 5120K, 0% used [0x00000000eb980000,0x00000000eb980000,0x00000000ebe80000)
 ParOldGen       total 98304K, used 86082K [0x00000000c0000000, 0x00000000c6000000, 0x00000000eab00000)
  object space 98304K, 87% used [0x00000000c0000000,0x00000000c5410bf0,0x00000000c6000000)
 Metaspace       used 76134K, committed 77568K, reserved 1179648K
  class space    used 7978K, committed 8576K, reserved 1048576K
}
Event: 13.043 GC heap before
{Heap before GC invocations=110 (full 5):
 PSYoungGen      total 16896K, used 16613K [0x00000000eab00000, 0x00000000ec380000, 0x0000000100000000)
  eden space 12800K, 100% used [0x00000000eab00000,0x00000000eb780000,0x00000000eb780000)
  from space 4096K, 93% used [0x00000000ebf80000,0x00000000ec339510,0x00000000ec380000)
  to   space 5120K, 0% used [0x00000000eb980000,0x00000000eb980000,0x00000000ebe80000)
 ParOldGen       total 98304K, used 86082K [0x00000000c0000000, 0x00000000c6000000, 0x00000000eab00000)
  object space 98304K, 87% used [0x00000000c0000000,0x00000000c5410bf0,0x00000000c6000000)
 Metaspace       used 76157K, committed 77568K, reserved 1179648K
  class space    used 7978K, committed 8576K, reserved 1048576K
}
Event: 13.051 GC heap after
{Heap after GC invocations=110 (full 5):
 PSYoungGen      total 17920K, used 5103K [0x00000000eab00000, 0x00000000ed780000, 0x0000000100000000)
  eden space 12800K, 0% used [0x00000000eab00000,0x00000000eab00000,0x00000000eb780000)
  from space 5120K, 99% used [0x00000000eb980000,0x00000000ebe7bda0,0x00000000ebe80000)
  to   space 16384K, 0% used [0x00000000ec780000,0x00000000ec780000,0x00000000ed780000)
 ParOldGen       total 98304K, used 95107K [0x00000000c0000000, 0x00000000c6000000, 0x00000000eab00000)
  object space 98304K, 96% used [0x00000000c0000000,0x00000000c5ce0c20,0x00000000c6000000)
 Metaspace       used 76157K, committed 77568K, reserved 1179648K
  class space    used 7978K, committed 8576K, reserved 1048576K
}
Event: 13.051 GC heap before
{Heap before GC invocations=111 (full 6):
 PSYoungGen      total 17920K, used 5103K [0x00000000eab00000, 0x00000000ed780000, 0x0000000100000000)
  eden space 12800K, 0% used [0x00000000eab00000,0x00000000eab00000,0x00000000eb780000)
  from space 5120K, 99% used [0x00000000eb980000,0x00000000ebe7bda0,0x00000000ebe80000)
  to   space 16384K, 0% used [0x00000000ec780000,0x00000000ec780000,0x00000000ed780000)
 ParOldGen       total 98304K, used 95107K [0x00000000c0000000, 0x00000000c6000000, 0x00000000eab00000)
  object space 98304K, 96% used [0x00000000c0000000,0x00000000c5ce0c20,0x00000000c6000000)
 Metaspace       used 76157K, committed 77568K, reserved 1179648K
  class space    used 7978K, committed 8576K, reserved 1048576K
}
Event: 13.207 GC heap after
{Heap after GC invocations=111 (full 6):
 PSYoungGen      total 29184K, used 0K [0x00000000eab00000, 0x00000000ed780000, 0x0000000100000000)
  eden space 12800K, 0% used [0x00000000eab00000,0x00000000eab00000,0x00000000eb780000)
  from space 16384K, 0% used [0x00000000ec780000,0x00000000ec780000,0x00000000ed780000)
  to   space 16384K, 0% used [0x00000000eb780000,0x00000000eb780000,0x00000000ec780000)
 ParOldGen       total 130048K, used 95109K [0x00000000c0000000, 0x00000000c7f00000, 0x00000000eab00000)
  object space 130048K, 73% used [0x00000000c0000000,0x00000000c5ce1710,0x00000000c7f00000)
 Metaspace       used 76157K, committed 77568K, reserved 1179648K
  class space    used 7978K, committed 8576K, reserved 1048576K
}
Event: 13.399 GC heap before
{Heap before GC invocations=112 (full 6):
 PSYoungGen      total 29184K, used 12800K [0x00000000eab00000, 0x00000000ed780000, 0x0000000100000000)
  eden space 12800K, 100% used [0x00000000eab00000,0x00000000eb780000,0x00000000eb780000)
  from space 16384K, 0% used [0x00000000ec780000,0x00000000ec780000,0x00000000ed780000)
  to   space 16384K, 0% used [0x00000000eb780000,0x00000000eb780000,0x00000000ec780000)
 ParOldGen       total 130048K, used 95109K [0x00000000c0000000, 0x00000000c7f00000, 0x00000000eab00000)
  object space 130048K, 73% used [0x00000000c0000000,0x00000000c5ce1710,0x00000000c7f00000)
 Metaspace       used 76226K, committed 77632K, reserved 1179648K
  class space    used 7978K, committed 8576K, reserved 1048576K
}
Event: 13.406 GC heap after
{Heap after GC invocations=112 (full 6):
 PSYoungGen      total 17920K, used 4996K [0x00000000eab00000, 0x00000000ec880000, 0x0000000100000000)
  eden space 12800K, 0% used [0x00000000eab00000,0x00000000eab00000,0x00000000eb780000)
  from space 5120K, 97% used [0x00000000eb780000,0x00000000ebc61020,0x00000000ebc80000)
  to   space 8704K, 0% used [0x00000000ec000000,0x00000000ec000000,0x00000000ec880000)
 ParOldGen       total 130048K, used 95117K [0x00000000c0000000, 0x00000000c7f00000, 0x00000000eab00000)
  object space 130048K, 73% used [0x00000000c0000000,0x00000000c5ce3710,0x00000000c7f00000)
 Metaspace       used 76226K, committed 77632K, reserved 1179648K
  class space    used 7978K, committed 8576K, reserved 1048576K
}
Event: 13.497 GC heap before
{Heap before GC invocations=113 (full 6):
 PSYoungGen      total 17920K, used 17796K [0x00000000eab00000, 0x00000000ec880000, 0x0000000100000000)
  eden space 12800K, 100% used [0x00000000eab00000,0x00000000eb780000,0x00000000eb780000)
  from space 5120K, 97% used [0x00000000eb780000,0x00000000ebc61020,0x00000000ebc80000)
  to   space 8704K, 0% used [0x00000000ec000000,0x00000000ec000000,0x00000000ec880000)
 ParOldGen       total 130048K, used 95117K [0x00000000c0000000, 0x00000000c7f00000, 0x00000000eab00000)
  object space 130048K, 73% used [0x00000000c0000000,0x00000000c5ce3710,0x00000000c7f00000)
 Metaspace       used 76255K, committed 77696K, reserved 1179648K
  class space    used 7978K, committed 8576K, reserved 1048576K
}
Event: 13.501 GC heap after
{Heap after GC invocations=113 (full 6):
 PSYoungGen      total 19456K, used 6424K [0x00000000eab00000, 0x00000000ec680000, 0x0000000100000000)
  eden space 12800K, 0% used [0x00000000eab00000,0x00000000eab00000,0x00000000eb780000)
  from space 6656K, 96% used [0x00000000ec000000,0x00000000ec646020,0x00000000ec680000)
  to   space 7168K, 0% used [0x00000000eb880000,0x00000000eb880000,0x00000000ebf80000)
 ParOldGen       total 130048K, used 95125K [0x00000000c0000000, 0x00000000c7f00000, 0x00000000eab00000)
  object space 130048K, 73% used [0x00000000c0000000,0x00000000c5ce5710,0x00000000c7f00000)
 Metaspace       used 76255K, committed 77696K, reserved 1179648K
  class space    used 7978K, committed 8576K, reserved 1048576K
}
Event: 13.648 GC heap before
{Heap before GC invocations=114 (full 6):
 PSYoungGen      total 19456K, used 19224K [0x00000000eab00000, 0x00000000ec680000, 0x0000000100000000)
  eden space 12800K, 100% used [0x00000000eab00000,0x00000000eb780000,0x00000000eb780000)
  from space 6656K, 96% used [0x00000000ec000000,0x00000000ec646020,0x00000000ec680000)
  to   space 7168K, 0% used [0x00000000eb880000,0x00000000eb880000,0x00000000ebf80000)
 ParOldGen       total 130048K, used 95125K [0x00000000c0000000, 0x00000000c7f00000, 0x00000000eab00000)
  object space 130048K, 73% used [0x00000000c0000000,0x00000000c5ce5710,0x00000000c7f00000)
 Metaspace       used 76285K, committed 77696K, reserved 1179648K
  class space    used 7980K, committed 8576K, reserved 1048576K
}
Event: 13.655 GC heap after
{Heap after GC invocations=114 (full 6):
 PSYoungGen      total 19968K, used 7148K [0x00000000eab00000, 0x00000000ecd80000, 0x0000000100000000)
  eden space 12800K, 0% used [0x00000000eab00000,0x00000000eab00000,0x00000000eb780000)
  from space 7168K, 99% used [0x00000000eb880000,0x00000000ebf7b288,0x00000000ebf80000)
  to   space 11264K, 0% used [0x00000000ec280000,0x00000000ec280000,0x00000000ecd80000)
 ParOldGen       total 130048K, used 98117K [0x00000000c0000000, 0x00000000c7f00000, 0x00000000eab00000)
  object space 130048K, 75% used [0x00000000c0000000,0x00000000c5fd1710,0x00000000c7f00000)
 Metaspace       used 76285K, committed 77696K, reserved 1179648K
  class space    used 7980K, committed 8576K, reserved 1048576K
}
Event: 13.686 GC heap before
{Heap before GC invocations=115 (full 6):
 PSYoungGen      total 19968K, used 19948K [0x00000000eab00000, 0x00000000ecd80000, 0x0000000100000000)
  eden space 12800K, 100% used [0x00000000eab00000,0x00000000eb780000,0x00000000eb780000)
  from space 7168K, 99% used [0x00000000eb880000,0x00000000ebf7b288,0x00000000ebf80000)
  to   space 11264K, 0% used [0x00000000ec280000,0x00000000ec280000,0x00000000ecd80000)
 ParOldGen       total 130048K, used 98117K [0x00000000c0000000, 0x00000000c7f00000, 0x00000000eab00000)
  object space 130048K, 75% used [0x00000000c0000000,0x00000000c5fd1710,0x00000000c7f00000)
 Metaspace       used 76307K, committed 77696K, reserved 1179648K
  class space    used 7984K, committed 8576K, reserved 1048576K
}
Event: 13.690 GC heap after
{Heap after GC invocations=115 (full 6):
 PSYoungGen      total 20992K, used 7788K [0x00000000eab00000, 0x00000000eca80000, 0x0000000100000000)
  eden space 12800K, 0% used [0x00000000eab00000,0x00000000eab00000,0x00000000eb780000)
  from space 8192K, 95% used [0x00000000ec280000,0x00000000eca1b288,0x00000000eca80000)
  to   space 8704K, 0% used [0x00000000eb980000,0x00000000eb980000,0x00000000ec200000)
 ParOldGen       total 130048K, used 98125K [0x00000000c0000000, 0x00000000c7f00000, 0x00000000eab00000)
  object space 130048K, 75% used [0x00000000c0000000,0x00000000c5fd3710,0x00000000c7f00000)
 Metaspace       used 76307K, committed 77696K, reserved 1179648K
  class space    used 7984K, committed 8576K, reserved 1048576K
}
Event: 13.709 GC heap before
{Heap before GC invocations=116 (full 6):
 PSYoungGen      total 20992K, used 20588K [0x00000000eab00000, 0x00000000eca80000, 0x0000000100000000)
  eden space 12800K, 100% used [0x00000000eab00000,0x00000000eb780000,0x00000000eb780000)
  from space 8192K, 95% used [0x00000000ec280000,0x00000000eca1b288,0x00000000eca80000)
  to   space 8704K, 0% used [0x00000000eb980000,0x00000000eb980000,0x00000000ec200000)
 ParOldGen       total 130048K, used 98125K [0x00000000c0000000, 0x00000000c7f00000, 0x00000000eab00000)
  object space 130048K, 75% used [0x00000000c0000000,0x00000000c5fd3710,0x00000000c7f00000)
 Metaspace       used 76315K, committed 77696K, reserved 1179648K
  class space    used 7985K, committed 8576K, reserved 1048576K
}
Event: 13.715 GC heap after
{Heap after GC invocations=116 (full 6):
 PSYoungGen      total 18432K, used 5300K [0x00000000eab00000, 0x00000000ec480000, 0x0000000100000000)
  eden space 12800K, 0% used [0x00000000eab00000,0x00000000eab00000,0x00000000eb780000)
  from space 5632K, 94% used [0x00000000eb980000,0x00000000ebead268,0x00000000ebf00000)
  to   space 5632K, 0% used [0x00000000ebf00000,0x00000000ebf00000,0x00000000ec480000)
 ParOldGen       total 130048K, used 101045K [0x00000000c0000000, 0x00000000c7f00000, 0x00000000eab00000)
  object space 130048K, 77% used [0x00000000c0000000,0x00000000c62ad740,0x00000000c7f00000)
 Metaspace       used 76315K, committed 77696K, reserved 1179648K
  class space    used 7985K, committed 8576K, reserved 1048576K
}

